<?xml version="1.0" encoding="UTF-8"?>
<testsuite xmlns:xsi="http://www.w3.org/2001/XMLSchema-instance" xsi:noNamespaceSchemaLocation="https://maven.apache.org/surefire/maven-surefire-plugin/xsd/surefire-test-report.xsd" version="3.0.1" name="org.algomonster.spring.controller.BinarySearchControllerTest" time="3.568" tests="2" errors="0" skipped="0" failures="0">
  <properties>
[...]
</properties>
  <testcase name="testSearchNotFound" classname="org.algomonster.spring.controller.BinarySearchControllerTest" time="1.077">
    <system-out><![CDATA[01:49:30.823 [main] INFO org.springframework.test.context.support.AnnotationConfigContextLoaderUtils -- Could not detect default configuration classes for test class [org.algomonster.spring.controller.BinarySearchControllerTest]: BinarySearchControllerTest does not declare any static, non-private, non-final, nested classes annotated with @Configuration.
01:49:31.009 [main] INFO org.springframework.boot.test.context.SpringBootTestContextBootstrapper -- Found @SpringBootConfiguration org.algomonster.spring.Application for test class org.algomonster.spring.controller.BinarySearchControllerTest

  .   ____          _            __ _ _
 /\\ / ___'_ __ _ _(_)_ __  __ _ \ \ \ \
( ( )\___ | '_ | '_| | '_ \/ _` | \ \ \ \
 \\/  ___)| |_)| | | | | || (_| |  ) ) ) )
  '  |____| .__|_| |_|_| |_\__, | / / / /
 =========|_|==============|___/=/_/_/_/

 :: Spring Boot ::                (v3.3.2)

2025-08-18T01:49:31.592Z  INFO 2203 --- [           main] o.a.s.c.BinarySearchControllerTest       : Starting BinarySearchControllerTest using Java 21.0.2 with PID 2203 (started by runner in /home/runner/work/AlgorithmPractice/AlgorithmPractice/spring-integration)
2025-08-18T01:49:31.594Z  INFO 2203 --- [           main] o.a.s.c.BinarySearchControllerTest       : No active profile set, falling back to 1 default profile: "default"
2025-08-18T01:49:32.979Z  INFO 2203 --- [           main] o.s.b.t.m.w.SpringBootMockServletContext : Initializing Spring TestDispatcherServlet ''
2025-08-18T01:49:32.980Z  INFO 2203 --- [           main] o.s.t.web.servlet.TestDispatcherServlet  : Initializing Servlet ''
2025-08-18T01:49:32.981Z  INFO 2203 --- [           main] o.s.t.web.servlet.TestDispatcherServlet  : Completed initialization in 0 ms
2025-08-18T01:49:33.002Z  INFO 2203 --- [           main] o.a.s.c.BinarySearchControllerTest       : Started BinarySearchControllerTest in 1.781 seconds (process running for 3.318)
]]></system-out>
    <system-err><![CDATA[WARNING: A Java agent has been loaded dynamically (/home/runner/.m2/repository/net/bytebuddy/byte-buddy-agent/1.14.12/byte-buddy-agent-1.14.12.jar)
WARNING: If a serviceability tool is in use, please run with -XX:+EnableDynamicAgentLoading to hide this warning
WARNING: If a serviceability tool is not in use, please run with -Djdk.instrument.traceUsage for more information
WARNING: Dynamic loading of agents will be disallowed by default in a future release
]]></system-err>
  </testcase>
  <testcase name="testSearchFound" classname="org.algomonster.spring.controller.BinarySearchControllerTest" time="0.01"/>
</testsuite>