<?xml version="1.0" encoding="UTF-8"?>
<testsuite xmlns:xsi="http://www.w3.org/2001/XMLSchema-instance" xsi:noNamespaceSchemaLocation="https://maven.apache.org/surefire/maven-surefire-plugin/xsd/surefire-test-report.xsd" version="3.0.1" name="org.algomonster.algorithms.sort.BubbleSortTest" time="0.027" tests="8" errors="0" skipped="0" failures="0">
  <properties>
[...]
</properties>
  <testcase name="test3Bubble" classname="org.algomonster.algorithms.sort.BubbleSortTest" time="0.001"/>
  <testcase name="test4Bubble" classname="org.algomonster.algorithms.sort.BubbleSortTest" time="0.001"/>
  <testcase name="testNull" classname="org.algomonster.algorithms.sort.BubbleSortTest" time="0.001"/>
  <testcase name="test5Bubble" classname="org.algomonster.algorithms.sort.BubbleSortTest" time="0.019"/>
  <testcase name="test1Bubble" classname="org.algomonster.algorithms.sort.BubbleSortTest" time="0.001"/>
  <testcase name="testEdgeCases" classname="org.algomonster.algorithms.sort.BubbleSortTest" time="0.0"/>
  <testcase name="test2Bubble" classname="org.algomonster.algorithms.sort.BubbleSortTest" time="0.0"/>
  <testcase name="testConstructor" classname="org.algomonster.algorithms.sort.BubbleSortTest" time="0.0"/>
</testsuite>